0 info it worked if it ends with ok
1 verbose cli [ '/usr/bin/node', '/usr/bin/npm', 'install', 'node', '--save' ]
2 info using npm@3.10.10
3 info using node@v6.13.1
4 silly loadCurrentTree Starting
5 silly install loadCurrentTree
6 silly install readLocalPackageData
7 silly fetchPackageMetaData node
8 silly fetchNamedPackageData node
9 silly mapToRegistry name node
10 silly mapToRegistry using default registry
11 silly mapToRegistry registry https://registry.npmjs.org/
12 silly mapToRegistry data Result {
12 silly mapToRegistry   raw: 'node',
12 silly mapToRegistry   scope: null,
12 silly mapToRegistry   escapedName: 'node',
12 silly mapToRegistry   name: 'node',
12 silly mapToRegistry   rawSpec: '',
12 silly mapToRegistry   spec: 'latest',
12 silly mapToRegistry   type: 'tag' }
13 silly mapToRegistry uri https://registry.npmjs.org/node
14 verbose request uri https://registry.npmjs.org/node
15 verbose request no auth needed
16 info attempt registry request try #1 at 22:28:48
17 verbose request id cd95fe6a31678b14
18 http request GET https://registry.npmjs.org/node
19 http 200 https://registry.npmjs.org/node
20 verbose headers { 'content-type': 'application/json; charset=UTF-8',
20 verbose headers   server: 'UploadServer',
20 verbose headers   'cache-control': 'max-age=300',
20 verbose headers   'last-modified': 'Thu, 22 Mar 2018 3:20:46 GMT',
20 verbose headers   etag: '"5ab3210e-57111"',
20 verbose headers   'x-npm-region': 'EU-East',
20 verbose headers   'content-encoding': 'gzip',
20 verbose headers   'content-length': '57216',
20 verbose headers   'accept-ranges': 'bytes',
20 verbose headers   date: 'Tue, 27 Mar 2018 20:28:51 GMT',
20 verbose headers   via: '1.1 varnish',
20 verbose headers   age: '13392',
20 verbose headers   connection: 'keep-alive',
20 verbose headers   'x-served-by': 'cache-fra19132-FRA',
20 verbose headers   'x-cache': 'HIT',
20 verbose headers   'x-cache-hits': '2',
20 verbose headers   'x-timer': 'S1522182531.315119,VS0,VE0',
20 verbose headers   vary: 'Accept-Encoding, Accept' }
21 silly get cb [ 200,
21 silly get   { 'content-type': 'application/json; charset=UTF-8',
21 silly get     server: 'UploadServer',
21 silly get     'cache-control': 'max-age=300',
21 silly get     'last-modified': 'Thu, 22 Mar 2018 3:20:46 GMT',
21 silly get     etag: '"5ab3210e-57111"',
21 silly get     'x-npm-region': 'EU-East',
21 silly get     'content-encoding': 'gzip',
21 silly get     'content-length': '57216',
21 silly get     'accept-ranges': 'bytes',
21 silly get     date: 'Tue, 27 Mar 2018 20:28:51 GMT',
21 silly get     via: '1.1 varnish',
21 silly get     age: '13392',
21 silly get     connection: 'keep-alive',
21 silly get     'x-served-by': 'cache-fra19132-FRA',
21 silly get     'x-cache': 'HIT',
21 silly get     'x-cache-hits': '2',
21 silly get     'x-timer': 'S1522182531.315119,VS0,VE0',
21 silly get     vary: 'Accept-Encoding, Accept' } ]
22 verbose get saving node to /root/.npm/registry.npmjs.org/node/.cache.json
23 verbose correctMkdir /root/.npm correctMkdir not in flight; initializing
24 silly install normalizeTree
25 silly loadCurrentTree Finishing
26 silly loadIdealTree Starting
27 silly install loadIdealTree
28 silly cloneCurrentTree Starting
29 silly install cloneCurrentTreeToIdealTree
30 silly cloneCurrentTree Finishing
31 silly loadShrinkwrap Starting
32 silly install loadShrinkwrap
33 silly loadShrinkwrap Finishing
34 silly loadAllDepsIntoIdealTree Starting
35 silly install loadAllDepsIntoIdealTree
36 silly resolveWithNewModule node@9.9.0 checking installable status
37 silly cache add args [ 'node', null ]
38 verbose cache add spec node
39 silly cache add parsed spec Result {
39 silly cache add   raw: 'node',
39 silly cache add   scope: null,
39 silly cache add   escapedName: 'node',
39 silly cache add   name: 'node',
39 silly cache add   rawSpec: '',
39 silly cache add   spec: 'latest',
39 silly cache add   type: 'tag' }
40 silly addNamed node@latest
41 verbose addNamed "latest" is being treated as a dist-tag for node
42 info addNameTag [ 'node', 'latest' ]
43 silly mapToRegistry name node
44 silly mapToRegistry using default registry
45 silly mapToRegistry registry https://registry.npmjs.org/
46 silly mapToRegistry data Result {
46 silly mapToRegistry   raw: 'node',
46 silly mapToRegistry   scope: null,
46 silly mapToRegistry   escapedName: 'node',
46 silly mapToRegistry   name: 'node',
46 silly mapToRegistry   rawSpec: '',
46 silly mapToRegistry   spec: 'latest',
46 silly mapToRegistry   type: 'tag' }
47 silly mapToRegistry uri https://registry.npmjs.org/node
48 verbose addNameTag registry:https://registry.npmjs.org/node not in flight; fetching
49 verbose get https://registry.npmjs.org/node not expired, no request
50 silly addNameTag next cb for node with tag latest
51 silly addNamed node@9.9.0
52 verbose addNamed "9.9.0" is a plain semver version for node
53 silly mapToRegistry name node
54 silly mapToRegistry using default registry
55 silly mapToRegistry registry https://registry.npmjs.org/
56 silly mapToRegistry data Result {
56 silly mapToRegistry   raw: 'node',
56 silly mapToRegistry   scope: null,
56 silly mapToRegistry   escapedName: 'node',
56 silly mapToRegistry   name: 'node',
56 silly mapToRegistry   rawSpec: '',
56 silly mapToRegistry   spec: 'latest',
56 silly mapToRegistry   type: 'tag' }
57 silly mapToRegistry uri https://registry.npmjs.org/node
58 verbose addRemoteTarball https://registry.npmjs.org/node/-/node-9.9.0.tgz not in flight; adding
59 verbose addRemoteTarball [ 'https://registry.npmjs.org/node/-/node-9.9.0.tgz',
59 verbose addRemoteTarball   'b3bf2842641e23106d71a5332db6c786e6b747e4' ]
60 info retry fetch attempt 1 at 22:28:50
61 info attempt registry request try #1 at 22:28:50
62 http fetch GET https://registry.npmjs.org/node/-/node-9.9.0.tgz
63 http fetch 200 https://registry.npmjs.org/node/-/node-9.9.0.tgz
64 silly fetchAndShaCheck shasum b3bf2842641e23106d71a5332db6c786e6b747e4
65 verbose addTmpTarball /tmp/npm-7121-49ce2ea3/registry.npmjs.org/node/-/node-9.9.0.tgz not in flight; adding
66 verbose addTmpTarball already have metadata; skipping unpack for node@9.9.0
67 verbose correctMkdir /root/.npm correctMkdir not in flight; initializing
68 silly cache afterAdd node@9.9.0
69 verbose afterAdd /root/.npm/node/9.9.0/package/package.json not in flight; writing
70 verbose correctMkdir /root/.npm correctMkdir not in flight; initializing
71 verbose afterAdd /root/.npm/node/9.9.0/package/package.json written
72 silly fetchNamedPackageData node-bin-setup
73 silly mapToRegistry name node-bin-setup
74 silly mapToRegistry using default registry
75 silly mapToRegistry registry https://registry.npmjs.org/
76 silly mapToRegistry data Result {
76 silly mapToRegistry   raw: 'node-bin-setup',
76 silly mapToRegistry   scope: null,
76 silly mapToRegistry   escapedName: 'node-bin-setup',
76 silly mapToRegistry   name: 'node-bin-setup',
76 silly mapToRegistry   rawSpec: '',
76 silly mapToRegistry   spec: 'latest',
76 silly mapToRegistry   type: 'tag' }
77 silly mapToRegistry uri https://registry.npmjs.org/node-bin-setup
78 verbose request uri https://registry.npmjs.org/node-bin-setup
79 verbose request no auth needed
80 info attempt registry request try #1 at 22:28:50
81 http request GET https://registry.npmjs.org/node-bin-setup
82 http 200 https://registry.npmjs.org/node-bin-setup
83 verbose headers { 'content-type': 'application/json; charset=UTF-8',
83 verbose headers   server: 'UploadServer',
83 verbose headers   'cache-control': 'max-age=300',
83 verbose headers   'last-modified': 'Tue, 25 Jul 2017 3:32:58 GMT',
83 verbose headers   etag: '"5976bbea-1511"',
83 verbose headers   'x-npm-region': 'EU-East',
83 verbose headers   'content-encoding': 'gzip',
83 verbose headers   'content-length': '1464',
83 verbose headers   'accept-ranges': 'bytes',
83 verbose headers   date: 'Tue, 27 Mar 2018 20:28:51 GMT',
83 verbose headers   via: '1.1 varnish',
83 verbose headers   age: '9998',
83 verbose headers   connection: 'keep-alive',
83 verbose headers   'x-served-by': 'cache-fra19132-FRA',
83 verbose headers   'x-cache': 'HIT',
83 verbose headers   'x-cache-hits': '1',
83 verbose headers   'x-timer': 'S1522182532.922499,VS0,VE2',
83 verbose headers   vary: 'Accept-Encoding, Accept' }
84 silly get cb [ 200,
84 silly get   { 'content-type': 'application/json; charset=UTF-8',
84 silly get     server: 'UploadServer',
84 silly get     'cache-control': 'max-age=300',
84 silly get     'last-modified': 'Tue, 25 Jul 2017 3:32:58 GMT',
84 silly get     etag: '"5976bbea-1511"',
84 silly get     'x-npm-region': 'EU-East',
84 silly get     'content-encoding': 'gzip',
84 silly get     'content-length': '1464',
84 silly get     'accept-ranges': 'bytes',
84 silly get     date: 'Tue, 27 Mar 2018 20:28:51 GMT',
84 silly get     via: '1.1 varnish',
84 silly get     age: '9998',
84 silly get     connection: 'keep-alive',
84 silly get     'x-served-by': 'cache-fra19132-FRA',
84 silly get     'x-cache': 'HIT',
84 silly get     'x-cache-hits': '1',
84 silly get     'x-timer': 'S1522182532.922499,VS0,VE2',
84 silly get     vary: 'Accept-Encoding, Accept' } ]
85 verbose get saving node-bin-setup to /root/.npm/registry.npmjs.org/node-bin-setup/.cache.json
86 verbose correctMkdir /root/.npm correctMkdir not in flight; initializing
87 silly resolveWithNewModule node-bin-setup@1.0.6 checking installable status
88 silly cache add args [ 'node-bin-setup@^1.0.0', null ]
89 verbose cache add spec node-bin-setup@^1.0.0
90 silly cache add parsed spec Result {
90 silly cache add   raw: 'node-bin-setup@^1.0.0',
90 silly cache add   scope: null,
90 silly cache add   escapedName: 'node-bin-setup',
90 silly cache add   name: 'node-bin-setup',
90 silly cache add   rawSpec: '^1.0.0',
90 silly cache add   spec: '>=1.0.0 <2.0.0',
90 silly cache add   type: 'range' }
91 silly addNamed node-bin-setup@>=1.0.0 <2.0.0
92 verbose addNamed ">=1.0.0 <2.0.0" is a valid semver range for node-bin-setup
93 silly addNameRange { name: 'node-bin-setup',
93 silly addNameRange   range: '>=1.0.0 <2.0.0',
93 silly addNameRange   hasData: false }
94 silly mapToRegistry name node-bin-setup
95 silly mapToRegistry using default registry
96 silly mapToRegistry registry https://registry.npmjs.org/
97 silly mapToRegistry data Result {
97 silly mapToRegistry   raw: 'node-bin-setup',
97 silly mapToRegistry   scope: null,
97 silly mapToRegistry   escapedName: 'node-bin-setup',
97 silly mapToRegistry   name: 'node-bin-setup',
97 silly mapToRegistry   rawSpec: '',
97 silly mapToRegistry   spec: 'latest',
97 silly mapToRegistry   type: 'tag' }
98 silly mapToRegistry uri https://registry.npmjs.org/node-bin-setup
99 verbose addNameRange registry:https://registry.npmjs.org/node-bin-setup not in flight; fetching
100 verbose get https://registry.npmjs.org/node-bin-setup not expired, no request
101 silly addNameRange number 2 { name: 'node-bin-setup',
101 silly addNameRange   range: '>=1.0.0 <2.0.0',
101 silly addNameRange   hasData: true }
102 silly addNameRange versions [ 'node-bin-setup',
102 silly addNameRange   [ '1.0.0', '1.0.1', '1.0.2', '1.0.3', '1.0.4', '1.0.6' ] ]
103 silly addNamed node-bin-setup@1.0.6
104 verbose addNamed "1.0.6" is a plain semver version for node-bin-setup
105 silly mapToRegistry name node-bin-setup
106 silly mapToRegistry using default registry
107 silly mapToRegistry registry https://registry.npmjs.org/
108 silly mapToRegistry data Result {
108 silly mapToRegistry   raw: 'node-bin-setup',
108 silly mapToRegistry   scope: null,
108 silly mapToRegistry   escapedName: 'node-bin-setup',
108 silly mapToRegistry   name: 'node-bin-setup',
108 silly mapToRegistry   rawSpec: '',
108 silly mapToRegistry   spec: 'latest',
108 silly mapToRegistry   type: 'tag' }
109 silly mapToRegistry uri https://registry.npmjs.org/node-bin-setup
110 verbose addRemoteTarball https://registry.npmjs.org/node-bin-setup/-/node-bin-setup-1.0.6.tgz not in flight; adding
111 verbose addRemoteTarball [ 'https://registry.npmjs.org/node-bin-setup/-/node-bin-setup-1.0.6.tgz',
111 verbose addRemoteTarball   '4b5c9bb937ece702d7069b36ca78af4684677528' ]
112 info retry fetch attempt 1 at 22:28:50
113 info attempt registry request try #1 at 22:28:50
114 http fetch GET https://registry.npmjs.org/node-bin-setup/-/node-bin-setup-1.0.6.tgz
115 http fetch 200 https://registry.npmjs.org/node-bin-setup/-/node-bin-setup-1.0.6.tgz
116 silly fetchAndShaCheck shasum 4b5c9bb937ece702d7069b36ca78af4684677528
117 verbose addTmpTarball /tmp/npm-7121-49ce2ea3/registry.npmjs.org/node-bin-setup/-/node-bin-setup-1.0.6.tgz not in flight; adding
118 verbose addTmpTarball already have metadata; skipping unpack for node-bin-setup@1.0.6
119 verbose correctMkdir /root/.npm correctMkdir not in flight; initializing
120 silly cache afterAdd node-bin-setup@1.0.6
121 verbose afterAdd /root/.npm/node-bin-setup/1.0.6/package/package.json not in flight; writing
122 verbose correctMkdir /root/.npm correctMkdir not in flight; initializing
123 verbose afterAdd /root/.npm/node-bin-setup/1.0.6/package/package.json written
124 silly loadAllDepsIntoIdealTree Finishing
125 silly loadIdealTree Finishing
126 silly currentTree mongodb@1.0.0
126 silly currentTree ├── async@2.1.4
126 silly currentTree ├── bluebird@3.5.0
126 silly currentTree ├── bson@1.0.6
126 silly currentTree ├── debug@2.6.9
126 silly currentTree ├── kareem@2.0.6
126 silly currentTree ├── lodash.get@4.4.2
126 silly currentTree ├── lodash@4.17.5
126 silly currentTree ├── mongodb-core@3.0.4
126 silly currentTree ├── mongodb@3.0.4
126 silly currentTree ├── mongoose-legacy-pluralize@1.0.2
126 silly currentTree ├── mongoose@5.0.12
126 silly currentTree ├── mpath@0.3.0
126 silly currentTree ├─┬ mquery@3.0.0
126 silly currentTree │ └── sliced@0.0.5
126 silly currentTree ├── ms@2.0.0
126 silly currentTree ├── regexp-clone@0.0.1
126 silly currentTree ├── require_optional@1.0.1
126 silly currentTree ├── resolve-from@2.0.0
126 silly currentTree ├── semver@5.5.0
126 silly currentTree └── sliced@1.0.1
127 silly idealTree mongodb@1.0.0
127 silly idealTree ├── async@2.1.4
127 silly idealTree ├── bluebird@3.5.0
127 silly idealTree ├── bson@1.0.6
127 silly idealTree ├── debug@2.6.9
127 silly idealTree ├── kareem@2.0.6
127 silly idealTree ├── lodash.get@4.4.2
127 silly idealTree ├── lodash@4.17.5
127 silly idealTree ├── mongodb-core@3.0.4
127 silly idealTree ├── mongodb@3.0.4
127 silly idealTree ├── mongoose-legacy-pluralize@1.0.2
127 silly idealTree ├── mongoose@5.0.12
127 silly idealTree ├── mpath@0.3.0
127 silly idealTree ├─┬ mquery@3.0.0
127 silly idealTree │ └── sliced@0.0.5
127 silly idealTree ├── ms@2.0.0
127 silly idealTree ├── node-bin-setup@1.0.6
127 silly idealTree ├── node@9.9.0
127 silly idealTree ├── regexp-clone@0.0.1
127 silly idealTree ├── require_optional@1.0.1
127 silly idealTree ├── resolve-from@2.0.0
127 silly idealTree ├── semver@5.5.0
127 silly idealTree └── sliced@1.0.1
128 silly generateActionsToTake Starting
129 silly install generateActionsToTake
130 silly generateActionsToTake Finishing
131 silly diffTrees action count 2
132 silly diffTrees add node-bin-setup@1.0.6
133 silly diffTrees add node@9.9.0
134 silly decomposeActions action count 16
135 silly decomposeActions fetch node-bin-setup@1.0.6
136 silly decomposeActions extract node-bin-setup@1.0.6
137 silly decomposeActions test node-bin-setup@1.0.6
138 silly decomposeActions preinstall node-bin-setup@1.0.6
139 silly decomposeActions build node-bin-setup@1.0.6
140 silly decomposeActions install node-bin-setup@1.0.6
141 silly decomposeActions postinstall node-bin-setup@1.0.6
142 silly decomposeActions finalize node-bin-setup@1.0.6
143 silly decomposeActions fetch node@9.9.0
144 silly decomposeActions extract node@9.9.0
145 silly decomposeActions test node@9.9.0
146 silly decomposeActions preinstall node@9.9.0
147 silly decomposeActions build node@9.9.0
148 silly decomposeActions install node@9.9.0
149 silly decomposeActions postinstall node@9.9.0
150 silly decomposeActions finalize node@9.9.0
151 silly runTopLevelLifecycles Starting
152 silly executeActions Starting
153 silly install executeActions
154 silly doSerial global-install 0
155 silly doParallel fetch 2
156 verbose correctMkdir /root/.npm/_locks correctMkdir not in flight; initializing
157 verbose lock using /root/.npm/_locks/staging-97e94e10035b2d5b.lock for /home/socza/projekty/mongodb/node_modules/.staging
158 silly doParallel extract 2
159 silly extract node-bin-setup@1.0.6
160 silly extract node@9.9.0
161 verbose unbuild node_modules/.staging/node-bin-setup-75952e5e
162 verbose unbuild node_modules/.staging/node-ef74f371
163 silly gentlyRm /home/socza/projekty/mongodb/node_modules/.staging/node-bin-setup-75952e5e is being purged from base /home/socza/projekty/mongodb
164 verbose gentlyRm don't care about contents; nuking /home/socza/projekty/mongodb/node_modules/.staging/node-bin-setup-75952e5e
165 verbose tar unpack /root/.npm/node-bin-setup/1.0.6/package.tgz
166 verbose tar unpacking to /home/socza/projekty/mongodb/node_modules/.staging/node-bin-setup-75952e5e
167 silly gentlyRm /home/socza/projekty/mongodb/node_modules/.staging/node-bin-setup-75952e5e is being purged
168 verbose gentlyRm don't care about contents; nuking /home/socza/projekty/mongodb/node_modules/.staging/node-bin-setup-75952e5e
169 silly gentlyRm /home/socza/projekty/mongodb/node_modules/.staging/node-ef74f371 is being purged from base /home/socza/projekty/mongodb
170 verbose gentlyRm don't care about contents; nuking /home/socza/projekty/mongodb/node_modules/.staging/node-ef74f371
171 silly gunzTarPerm modes [ '755', '644' ]
172 verbose tar unpack /root/.npm/node/9.9.0/package.tgz
173 verbose tar unpacking to /home/socza/projekty/mongodb/node_modules/.staging/node-ef74f371
174 silly gentlyRm /home/socza/projekty/mongodb/node_modules/.staging/node-ef74f371 is being purged
175 verbose gentlyRm don't care about contents; nuking /home/socza/projekty/mongodb/node_modules/.staging/node-ef74f371
176 silly gunzTarPerm modes [ '755', '644' ]
177 silly gunzTarPerm extractEntry package.json
178 silly gunzTarPerm extractEntry package.json
179 silly gunzTarPerm extractEntry installArchSpecificPackage.js
180 silly gunzTarPerm extractEntry README.md
181 silly gunzTarPerm extractEntry index.js
182 silly gentlyRm /home/socza/projekty/mongodb/node_modules/.staging/node-bin-setup-75952e5e/node_modules is being purged
183 verbose gentlyRm don't care about contents; nuking /home/socza/projekty/mongodb/node_modules/.staging/node-bin-setup-75952e5e/node_modules
184 silly gentlyRm /home/socza/projekty/mongodb/node_modules/.staging/node-ef74f371/node_modules is being purged
185 verbose gentlyRm don't care about contents; nuking /home/socza/projekty/mongodb/node_modules/.staging/node-ef74f371/node_modules
186 silly doParallel preinstall 2
187 silly preinstall node-bin-setup@1.0.6 /home/socza/projekty/mongodb/node_modules/.staging/node-bin-setup-75952e5e
188 info lifecycle node-bin-setup@1.0.6~preinstall: node-bin-setup@1.0.6
189 silly preinstall node@9.9.0 /home/socza/projekty/mongodb/node_modules/.staging/node-ef74f371
190 info lifecycle node@9.9.0~preinstall: node@9.9.0
191 silly lifecycle node-bin-setup@1.0.6~preinstall: no script for preinstall, continuing
192 warn lifecycle node@9.9.0~preinstall: cannot run in wd %s %s (wd=%s) node@9.9.0 node installArchSpecificPackage /home/socza/projekty/mongodb/node_modules/.staging/node-ef74f371
193 silly doReverseSerial remove 0
194 silly doSerial move 0
195 silly doSerial finalize 2
196 silly finalize /home/socza/projekty/mongodb/node_modules/node-bin-setup
197 silly finalize /home/socza/projekty/mongodb/node_modules/node
198 silly doSerial build 2
199 silly build node-bin-setup@1.0.6
200 info linkStuff node-bin-setup@1.0.6
201 silly linkStuff node-bin-setup@1.0.6 has /home/socza/projekty/mongodb/node_modules as its parent node_modules
202 verbose linkBins node-bin-setup@1.0.6
203 verbose linkMans node-bin-setup@1.0.6
204 silly build node@9.9.0
205 info linkStuff node@9.9.0
206 silly linkStuff node@9.9.0 has /home/socza/projekty/mongodb/node_modules as its parent node_modules
207 verbose linkBins node@9.9.0
208 verbose link bins [ { node: 'bin/node' },
208 verbose link bins   '/home/socza/projekty/mongodb/node_modules/.bin',
208 verbose link bins   false ]
209 verbose linkMans node@9.9.0
210 verbose unlock done using /root/.npm/_locks/staging-97e94e10035b2d5b.lock for /home/socza/projekty/mongodb/node_modules/.staging
211 silly rollbackFailedOptional Starting
212 silly rollbackFailedOptional Finishing
213 silly runTopLevelLifecycles Finishing
214 silly install printInstalled
215 warn mongodb@1.0.0 No repository field.
216 verbose If you need help, you may report this error at:
216 verbose     <https://github.com/npm/npm/issues>
217 verbose stack Error: ENOENT: no such file or directory, chmod '/home/socza/projekty/mongodb/node_modules/node/bin/node'
217 verbose stack     at Error (native)
218 verbose cwd /home/socza/projekty/mongodb
219 error Linux 3.2.0-5-amd64
220 error argv "/usr/bin/node" "/usr/bin/npm" "install" "node" "--save"
221 error node v6.13.1
222 error npm  v3.10.10
223 error path /home/socza/projekty/mongodb/node_modules/node/bin/node
224 error code ENOENT
225 error errno -2
226 error syscall chmod
227 error enoent ENOENT: no such file or directory, chmod '/home/socza/projekty/mongodb/node_modules/node/bin/node'
228 error enoent ENOENT: no such file or directory, chmod '/home/socza/projekty/mongodb/node_modules/node/bin/node'
228 error enoent This is most likely not a problem with npm itself
228 error enoent and is related to npm not being able to find a file.
229 verbose exit [ -2, true ]
